ARM GAS  C:\DOCUME~1\Giovanni\IMPOST~1\Temp/cc8HqpiL.s 			page 1


   1              		.file	"chcore.c"
   2              		.section	.debug_abbrev,"",%progbits
   3              	.Ldebug_abbrev0:
   4              		.section	.debug_info,"",%progbits
   5              	.Ldebug_info0:
   6              		.section	.debug_line,"",%progbits
   7              	.Ldebug_line0:
   8 0000 4D000000 		.text
   8      02003700 
   8      00000201 
   8      FB0E0D00 
   8      01010101 
   9              	.Ltext0:
  10              		.section	.text.port_halt,"ax",%progbits
  11              		.align	2
  12              		.p2align 4,,15
  13              		.weak	port_halt
  14              		.type	port_halt, %function
  15              	port_halt:
  16              	.LFB7:
  17              		.file 1 "../../os/ports/GCC/ARM7/chcore.c"
  18              		.loc 1 35 0
  19              		@ args = 0, pretend = 0, frame = 0
  20              		@ frame_needed = 0, uses_anonymous_args = 0
  21              		@ link register save eliminated.
  22              		.loc 1 37 0
  23              	@ 37 "../../os/ports/GCC/ARM7/chcore.c" 1
  24 0000 00300FE1 		mrs     r3, CPSR                       
  25 0004 803083E3 		orr     r3, #0x80                      
  26 0008 03F021E1 		msr     CPSR_c, r3                     
  27 000c 403083E3 		orr     r3, #0x40                      
  28 0010 03F021E1 		msr     CPSR_c, r3
  29              	@ 0 "" 2
  30              	.L2:
  31 0014 FEFFFFEA 		b	.L2
  32              	.LFE7:
  33              		.size	port_halt, .-port_halt
  34 0018 0000A0E1 		.section	.debug_frame,"",%progbits
  34      0000A0E1 
  35              	.Lframe0:
  36 0000 0C000000 		.4byte	.LECIE0-.LSCIE0
  37              	.LSCIE0:
  38 0004 FFFFFFFF 		.4byte	0xffffffff
  39 0008 01       		.byte	0x1
  40 0009 00       		.ascii	"\000"
  41 000a 01       		.uleb128 0x1
  42 000b 7C       		.sleb128 -4
  43 000c 0E       		.byte	0xe
  44 000d 0C       		.byte	0xc
  45 000e 0D       		.uleb128 0xd
  46 000f 00       		.uleb128 0x0
  47              		.align	2
  48              	.LECIE0:
  49              	.LSFDE0:
  50 0010 0C000000 		.4byte	.LEFDE0-.LASFDE0
  51              	.LASFDE0:
  52 0014 00000000 		.4byte	.Lframe0
ARM GAS  C:\DOCUME~1\Giovanni\IMPOST~1\Temp/cc8HqpiL.s 			page 2


  53 0018 00000000 		.4byte	.LFB7
  54 001c 18000000 		.4byte	.LFE7-.LFB7
  55              		.align	2
  56              	.LEFDE0:
  57              		.text
  58              	.Letext0:
  59              		.section	.debug_info
  60 0000 82000000 		.4byte	0x82
  61 0004 0200     		.2byte	0x2
  62 0006 00000000 		.4byte	.Ldebug_abbrev0
  63 000a 04       		.byte	0x4
  64 000b 01       		.uleb128 0x1
  65 000c 1F000000 		.4byte	.LASF9
  66 0010 01       		.byte	0x1
  67 0011 39000000 		.4byte	.LASF10
  68 0015 BB000000 		.4byte	.LASF11
  69 0019 00000000 		.4byte	0x0
  70 001d 00000000 		.4byte	0x0
  71 0021 00000000 		.4byte	.Ldebug_ranges0+0x0
  72 0025 00000000 		.4byte	.Ldebug_line0
  73 0029 02       		.uleb128 0x2
  74 002a 04       		.byte	0x4
  75 002b 05       		.byte	0x5
  76 002c A4000000 		.4byte	.LASF0
  77 0030 02       		.uleb128 0x2
  78 0031 04       		.byte	0x4
  79 0032 07       		.byte	0x7
  80 0033 0D000000 		.4byte	.LASF1
  81 0037 02       		.uleb128 0x2
  82 0038 01       		.byte	0x1
  83 0039 06       		.byte	0x6
  84 003a 5A000000 		.4byte	.LASF2
  85 003e 02       		.uleb128 0x2
  86 003f 01       		.byte	0x1
  87 0040 08       		.byte	0x8
  88 0041 2B000000 		.4byte	.LASF3
  89 0045 02       		.uleb128 0x2
  90 0046 02       		.byte	0x2
  91 0047 05       		.byte	0x5
  92 0048 70000000 		.4byte	.LASF4
  93 004c 02       		.uleb128 0x2
  94 004d 02       		.byte	0x2
  95 004e 07       		.byte	0x7
  96 004f 91000000 		.4byte	.LASF5
  97 0053 02       		.uleb128 0x2
  98 0054 08       		.byte	0x8
  99 0055 05       		.byte	0x5
 100 0056 AD000000 		.4byte	.LASF6
 101 005a 02       		.uleb128 0x2
 102 005b 08       		.byte	0x8
 103 005c 07       		.byte	0x7
 104 005d 7A000000 		.4byte	.LASF7
 105 0061 03       		.uleb128 0x3
 106 0062 04       		.byte	0x4
 107 0063 05       		.byte	0x5
 108 0064 696E7400 		.ascii	"int\000"
 109 0068 02       		.uleb128 0x2
ARM GAS  C:\DOCUME~1\Giovanni\IMPOST~1\Temp/cc8HqpiL.s 			page 3


 110 0069 04       		.byte	0x4
 111 006a 07       		.byte	0x7
 112 006b 00000000 		.4byte	.LASF8
 113 006f 04       		.uleb128 0x4
 114 0070 04       		.byte	0x4
 115 0071 07       		.byte	0x7
 116 0072 05       		.uleb128 0x5
 117 0073 01       		.byte	0x1
 118 0074 66000000 		.4byte	.LASF12
 119 0078 01       		.byte	0x1
 120 0079 23       		.byte	0x23
 121 007a 01       		.byte	0x1
 122 007b 00000000 		.4byte	.LFB7
 123 007f 18000000 		.4byte	.LFE7
 124 0083 01       		.byte	0x1
 125 0084 5D       		.byte	0x5d
 126 0085 00       		.byte	0x0
 127              		.section	.debug_abbrev
 128 0000 01       		.uleb128 0x1
 129 0001 11       		.uleb128 0x11
 130 0002 01       		.byte	0x1
 131 0003 25       		.uleb128 0x25
 132 0004 0E       		.uleb128 0xe
 133 0005 13       		.uleb128 0x13
 134 0006 0B       		.uleb128 0xb
 135 0007 03       		.uleb128 0x3
 136 0008 0E       		.uleb128 0xe
 137 0009 1B       		.uleb128 0x1b
 138 000a 0E       		.uleb128 0xe
 139 000b 11       		.uleb128 0x11
 140 000c 01       		.uleb128 0x1
 141 000d 52       		.uleb128 0x52
 142 000e 01       		.uleb128 0x1
 143 000f 55       		.uleb128 0x55
 144 0010 06       		.uleb128 0x6
 145 0011 10       		.uleb128 0x10
 146 0012 06       		.uleb128 0x6
 147 0013 00       		.byte	0x0
 148 0014 00       		.byte	0x0
 149 0015 02       		.uleb128 0x2
 150 0016 24       		.uleb128 0x24
 151 0017 00       		.byte	0x0
 152 0018 0B       		.uleb128 0xb
 153 0019 0B       		.uleb128 0xb
 154 001a 3E       		.uleb128 0x3e
 155 001b 0B       		.uleb128 0xb
 156 001c 03       		.uleb128 0x3
 157 001d 0E       		.uleb128 0xe
 158 001e 00       		.byte	0x0
 159 001f 00       		.byte	0x0
 160 0020 03       		.uleb128 0x3
 161 0021 24       		.uleb128 0x24
 162 0022 00       		.byte	0x0
 163 0023 0B       		.uleb128 0xb
 164 0024 0B       		.uleb128 0xb
 165 0025 3E       		.uleb128 0x3e
 166 0026 0B       		.uleb128 0xb
ARM GAS  C:\DOCUME~1\Giovanni\IMPOST~1\Temp/cc8HqpiL.s 			page 4


 167 0027 03       		.uleb128 0x3
 168 0028 08       		.uleb128 0x8
 169 0029 00       		.byte	0x0
 170 002a 00       		.byte	0x0
 171 002b 04       		.uleb128 0x4
 172 002c 24       		.uleb128 0x24
 173 002d 00       		.byte	0x0
 174 002e 0B       		.uleb128 0xb
 175 002f 0B       		.uleb128 0xb
 176 0030 3E       		.uleb128 0x3e
 177 0031 0B       		.uleb128 0xb
 178 0032 00       		.byte	0x0
 179 0033 00       		.byte	0x0
 180 0034 05       		.uleb128 0x5
 181 0035 2E       		.uleb128 0x2e
 182 0036 00       		.byte	0x0
 183 0037 3F       		.uleb128 0x3f
 184 0038 0C       		.uleb128 0xc
 185 0039 03       		.uleb128 0x3
 186 003a 0E       		.uleb128 0xe
 187 003b 3A       		.uleb128 0x3a
 188 003c 0B       		.uleb128 0xb
 189 003d 3B       		.uleb128 0x3b
 190 003e 0B       		.uleb128 0xb
 191 003f 27       		.uleb128 0x27
 192 0040 0C       		.uleb128 0xc
 193 0041 11       		.uleb128 0x11
 194 0042 01       		.uleb128 0x1
 195 0043 12       		.uleb128 0x12
 196 0044 01       		.uleb128 0x1
 197 0045 40       		.uleb128 0x40
 198 0046 0A       		.uleb128 0xa
 199 0047 00       		.byte	0x0
 200 0048 00       		.byte	0x0
 201 0049 00       		.byte	0x0
 202              		.section	.debug_pubnames,"",%progbits
 203 0000 1C000000 		.4byte	0x1c
 204 0004 0200     		.2byte	0x2
 205 0006 00000000 		.4byte	.Ldebug_info0
 206 000a 86000000 		.4byte	0x86
 207 000e 72000000 		.4byte	0x72
 208 0012 706F7274 		.ascii	"port_halt\000"
 208      5F68616C 
 208      7400
 209 001c 00000000 		.4byte	0x0
 210              		.section	.debug_aranges,"",%progbits
 211 0000 1C000000 		.4byte	0x1c
 212 0004 0200     		.2byte	0x2
 213 0006 00000000 		.4byte	.Ldebug_info0
 214 000a 04       		.byte	0x4
 215 000b 00       		.byte	0x0
 216 000c 0000     		.2byte	0x0
 217 000e 0000     		.2byte	0x0
 218 0010 00000000 		.4byte	.LFB7
 219 0014 18000000 		.4byte	.LFE7-.LFB7
 220 0018 00000000 		.4byte	0x0
 221 001c 00000000 		.4byte	0x0
ARM GAS  C:\DOCUME~1\Giovanni\IMPOST~1\Temp/cc8HqpiL.s 			page 5


 222              		.section	.debug_ranges,"",%progbits
 223              	.Ldebug_ranges0:
 224 0000 00000000 		.4byte	.Ltext0
 225 0004 00000000 		.4byte	.Letext0
 226 0008 00000000 		.4byte	.LFB7
 227 000c 18000000 		.4byte	.LFE7
 228 0010 00000000 		.4byte	0x0
 229 0014 00000000 		.4byte	0x0
 230              		.section	.debug_str,"MS",%progbits,1
 231              	.LASF8:
 232 0000 756E7369 		.ascii	"unsigned int\000"
 232      676E6564 
 232      20696E74 
 232      00
 233              	.LASF1:
 234 000d 6C6F6E67 		.ascii	"long unsigned int\000"
 234      20756E73 
 234      69676E65 
 234      6420696E 
 234      7400
 235              	.LASF9:
 236 001f 474E5520 		.ascii	"GNU C 4.3.3\000"
 236      4320342E 
 236      332E3300 
 237              	.LASF3:
 238 002b 756E7369 		.ascii	"unsigned char\000"
 238      676E6564 
 238      20636861 
 238      7200
 239              	.LASF10:
 240 0039 2E2E2F2E 		.ascii	"../../os/ports/GCC/ARM7/chcore.c\000"
 240      2E2F6F73 
 240      2F706F72 
 240      74732F47 
 240      43432F41 
 241              	.LASF2:
 242 005a 7369676E 		.ascii	"signed char\000"
 242      65642063 
 242      68617200 
 243              	.LASF12:
 244 0066 706F7274 		.ascii	"port_halt\000"
 244      5F68616C 
 244      7400
 245              	.LASF4:
 246 0070 73686F72 		.ascii	"short int\000"
 246      7420696E 
 246      7400
 247              	.LASF7:
 248 007a 6C6F6E67 		.ascii	"long long unsigned int\000"
 248      206C6F6E 
 248      6720756E 
 248      7369676E 
 248      65642069 
 249              	.LASF5:
 250 0091 73686F72 		.ascii	"short unsigned int\000"
 250      7420756E 
 250      7369676E 
ARM GAS  C:\DOCUME~1\Giovanni\IMPOST~1\Temp/cc8HqpiL.s 			page 6


 250      65642069 
 250      6E7400
 251              	.LASF0:
 252 00a4 6C6F6E67 		.ascii	"long int\000"
 252      20696E74 
 252      00
 253              	.LASF6:
 254 00ad 6C6F6E67 		.ascii	"long long int\000"
 254      206C6F6E 
 254      6720696E 
 254      7400
 255              	.LASF11:
 256 00bb 443A5C50 		.ascii	"D:\\Progetti\\ChibiOS-RT\\demos\\ARM7-LPC214x-GCC\000"
 256      726F6765 
 256      7474695C 
 256      43686962 
 256      694F532D 
 257              		.ident	"GCC: (GNU) 4.3.3"
ARM GAS  C:\DOCUME~1\Giovanni\IMPOST~1\Temp/cc8HqpiL.s 			page 7


DEFINED SYMBOLS
                            *ABS*:00000000 chcore.c
C:\DOCUME~1\Giovanni\IMPOST~1\Temp/cc8HqpiL.s:15     .text.port_halt:00000000 port_halt
C:\DOCUME~1\Giovanni\IMPOST~1\Temp/cc8HqpiL.s:24     .text.port_halt:00000000 $a
C:\DOCUME~1\Giovanni\IMPOST~1\Temp/cc8HqpiL.s:36     .debug_frame:00000000 $d
C:\DOCUME~1\Giovanni\IMPOST~1\Temp/cc8HqpiL.s:60     .debug_info:00000000 $d

NO UNDEFINED SYMBOLS
